tmdd:cCTVInventoryMsg.cctv-inventory-item[2].device-inventory-header.restrictions.organization-information-forwarding-restrictions = law enforcement only
tmdd:cCTVInventoryMsg.cctv-inventory-item[2].device-inventory-header.organization-information.organization-id = string
tmdd:cCTVInventoryMsg.cctv-inventory-item[2].device-inventory-header.organization-information.organization-name = string
tmdd:cCTVInventoryMsg.cctv-inventory-item[2].device-inventory-header.organization-information.organization-location = stringstri
tmdd:cCTVInventoryMsg.cctv-inventory-item[2].device-inventory-header.organization-information.organization-function = string
tmdd:cCTVInventoryMsg.cctv-inventory-item[2].device-inventory-header.organization-information.organization-contact-details.contact-id = string
tmdd:cCTVInventoryMsg.cctv-inventory-item[2].device-inventory-header.organization-information.organization-contact-details.person-name = string
tmdd:cCTVInventoryMsg.cctv-inventory-item[2].device-inventory-header.organization-information.organization-contact-details.person-title = string
tmdd:cCTVInventoryMsg.cctv-inventory-item[2].device-inventory-header.organization-information.organization-contact-details.phone-number = string
tmdd:cCTVInventoryMsg.cctv-inventory-item[2].device-inventory-header.organization-information.organization-contact-details.phone-alternate = string
tmdd:cCTVInventoryMsg.cctv-inventory-item[2].device-inventory-header.organization-information.organization-contact-details.mobile-phone-number = string
tmdd:cCTVInventoryMsg.cctv-inventory-item[2].device-inventory-header.organization-information.organization-contact-details.mobile-phone-id = string
tmdd:cCTVInventoryMsg.cctv-inventory-item[2].device-inventory-header.organization-information.organization-contact-details.fax-number = string
tmdd:cCTVInventoryMsg.cctv-inventory-item[2].device-inventory-header.organization-information.organization-contact-details.pager-number = string
tmdd:cCTVInventoryMsg.cctv-inventory-item[2].device-inventory-header.organization-information.organization-contact-details.pager-id = string
tmdd:cCTVInventoryMsg.cctv-inventory-item[2].device-inventory-header.organization-information.organization-contact-details.email-address = string
tmdd:cCTVInventoryMsg.cctv-inventory-item[2].device-inventory-header.organization-information.organization-contact-details.radio-unit = string
tmdd:cCTVInventoryMsg.cctv-inventory-item[2].device-inventory-header.organization-information.organization-contact-details.address-line1 = string
tmdd:cCTVInventoryMsg.cctv-inventory-item[2].device-inventory-header.organization-information.organization-contact-details.address-line2 = string
tmdd:cCTVInventoryMsg.cctv-inventory-item[2].device-inventory-header.organization-information.organization-contact-details.city = string
tmdd:cCTVInventoryMsg.cctv-inventory-item[2].device-inventory-header.organization-information.organization-contact-details.state = DC
tmdd:cCTVInventoryMsg.cctv-inventory-item[2].device-inventory-header.organization-information.organization-contact-details.zip-code = string
tmdd:cCTVInventoryMsg.cctv-inventory-item[2].device-inventory-header.organization-information.organization-contact-details.country = string
tmdd:cCTVInventoryMsg.cctv-inventory-item[2].device-inventory-header.organization-information.center-contact-list[*].center-contact-details.center-id = string
tmdd:cCTVInventoryMsg.cctv-inventory-item[2].device-inventory-header.organization-information.center-contact-list[*].center-contact-details.center-name = string
tmdd:cCTVInventoryMsg.cctv-inventory-item[2].device-inventory-header.organization-information.center-contact-list[*].center-contact-details.center-location.latitude = 3
tmdd:cCTVInventoryMsg.cctv-inventory-item[2].device-inventory-header.organization-information.center-contact-list[*].center-contact-details.center-location.longitude = 3
tmdd:cCTVInventoryMsg.cctv-inventory-item[2].device-inventory-header.organization-information.center-contact-list[*].center-contact-details.center-location.horizontalDatum = wgs-84egm-96
tmdd:cCTVInventoryMsg.cctv-inventory-item[2].device-inventory-header.organization-information.center-contact-list[*].center-contact-details.center-location.height.verticalDatum = wgs-84
tmdd:cCTVInventoryMsg.cctv-inventory-item[2].device-inventory-header.organization-information.center-contact-list[*].center-contact-details.center-location.height.verticalLevel = 2
tmdd:cCTVInventoryMsg.cctv-inventory-item[2].device-inventory-header.organization-information.center-contact-list[*].center-contact-details.center-description = string
tmdd:cCTVInventoryMsg.cctv-inventory-item[2].device-inventory-header.organization-information.center-contact-list[*].center-contact-details.center-type = fixed
tmdd:cCTVInventoryMsg.cctv-inventory-item[2].device-inventory-header.organization-information.center-contact-list[*].center-contact-details.center-contact-details.contact-id = string
tmdd:cCTVInventoryMsg.cctv-inventory-item[2].device-inventory-header.organization-information.center-contact-list[*].center-contact-details.center-contact-details.person-name = string
tmdd:cCTVInventoryMsg.cctv-inventory-item[2].device-inventory-header.organization-information.center-contact-list[*].center-contact-details.center-contact-details.person-title = string
tmdd:cCTVInventoryMsg.cctv-inventory-item[2].device-inventory-header.organization-information.center-contact-list[*].center-contact-details.center-contact-details.phone-number = string
tmdd:cCTVInventoryMsg.cctv-inventory-item[2].device-inventory-header.organization-information.center-contact-list[*].center-contact-details.center-contact-details.phone-alternate = string
tmdd:cCTVInventoryMsg.cctv-inventory-item[2].device-inventory-header.organization-information.center-contact-list[*].center-contact-details.center-contact-details.mobile-phone-number = string
tmdd:cCTVInventoryMsg.cctv-inventory-item[2].device-inventory-header.organization-information.center-contact-list[*].center-contact-details.center-contact-details.mobile-phone-id = string
tmdd:cCTVInventoryMsg.cctv-inventory-item[2].device-inventory-header.organization-information.center-contact-list[*].center-contact-details.center-contact-details.fax-number = string
tmdd:cCTVInventoryMsg.cctv-inventory-item[2].device-inventory-header.organization-information.center-contact-list[*].center-contact-details.center-contact-details.pager-number = string
tmdd:cCTVInventoryMsg.cctv-inventory-item[2].device-inventory-header.organization-information.center-contact-list[*].center-contact-details.center-contact-details.pager-id = string
tmdd:cCTVInventoryMsg.cctv-inventory-item[2].device-inventory-header.organization-information.center-contact-list[*].center-contact-details.center-contact-details.email-address = string
tmdd:cCTVInventoryMsg.cctv-inventory-item[2].device-inventory-header.organization-information.center-contact-list[*].center-contact-details.center-contact-details.radio-unit = string
tmdd:cCTVInventoryMsg.cctv-inventory-item[2].device-inventory-header.organization-information.center-contact-list[*].center-contact-details.center-contact-details.address-line1 = string
tmdd:cCTVInventoryMsg.cctv-inventory-item[2].device-inventory-header.organization-information.center-contact-list[*].center-contact-details.center-contact-details.address-line2 = string
tmdd:cCTVInventoryMsg.cctv-inventory-item[2].device-inventory-header.organization-information.center-contact-list[*].center-contact-details.center-contact-details.city = string
tmdd:cCTVInventoryMsg.cctv-inventory-item[2].device-inventory-header.organization-information.center-contact-list[*].center-contact-details.center-contact-details.state = DC
tmdd:cCTVInventoryMsg.cctv-inventory-item[2].device-inventory-header.organization-information.center-contact-list[*].center-contact-details.center-contact-details.zip-code = string
tmdd:cCTVInventoryMsg.cctv-inventory-item[2].device-inventory-header.organization-information.center-contact-list[*].center-contact-details.center-contact-details.country = string
tmdd:cCTVInventoryMsg.cctv-inventory-item[2].device-inventory-header.organization-information.last-update-time.date = 20160207
tmdd:cCTVInventoryMsg.cctv-inventory-item[2].device-inventory-header.organization-information.last-update-time.time = string
tmdd:cCTVInventoryMsg.cctv-inventory-item[2].device-inventory-header.organization-information.last-update-time.offset = 01:00
tmdd:cCTVInventoryMsg.cctv-inventory-item[2].device-inventory-header.device-id = cctv-123456789123456789012345675
tmdd:cCTVInventoryMsg.cctv-inventory-item[2].device-inventory-header.device-location.latitude = 3
tmdd:cCTVInventoryMsg.cctv-inventory-item[2].device-inventory-header.device-location.longitude = 3
tmdd:cCTVInventoryMsg.cctv-inventory-item[2].device-inventory-header.device-location.horizontalDatum = wgs-84egm-96
tmdd:cCTVInventoryMsg.cctv-inventory-item[2].device-inventory-header.device-location.height.verticalDatum = wgs-84
tmdd:cCTVInventoryMsg.cctv-inventory-item[2].device-inventory-header.device-location.height.verticalLevel = 2
tmdd:cCTVInventoryMsg.cctv-inventory-item[2].device-inventory-header.device-name = string
tmdd:cCTVInventoryMsg.cctv-inventory-item[2].device-inventory-header.device-description = string
tmdd:cCTVInventoryMsg.cctv-inventory-item[2].device-inventory-header.device-control-type = status only
tmdd:cCTVInventoryMsg.cctv-inventory-item[2].device-inventory-header.controller-description = string
tmdd:cCTVInventoryMsg.cctv-inventory-item[2].device-inventory-header.network-id = string
tmdd:cCTVInventoryMsg.cctv-inventory-item[2].device-inventory-header.node-id = string
tmdd:cCTVInventoryMsg.cctv-inventory-item[2].device-inventory-header.node-name = string
tmdd:cCTVInventoryMsg.cctv-inventory-item[2].device-inventory-header.link-id = string
tmdd:cCTVInventoryMsg.cctv-inventory-item[2].device-inventory-header.link-name = string
tmdd:cCTVInventoryMsg.cctv-inventory-item[2].device-inventory-header.link-direction = se
tmdd:cCTVInventoryMsg.cctv-inventory-item[2].device-inventory-header.linear-reference = string
tmdd:cCTVInventoryMsg.cctv-inventory-item[2].device-inventory-header.linear-reference-version = 6
tmdd:cCTVInventoryMsg.cctv-inventory-item[2].device-inventory-header.route-designator = string
tmdd:cCTVInventoryMsg.cctv-inventory-item[2].device-inventory-header.device-url.url-reference = string
tmdd:cCTVInventoryMsg.cctv-inventory-item[2].device-inventory-header.device-url.url-reference-medium = string
tmdd:cCTVInventoryMsg.cctv-inventory-item[2].device-inventory-header.last-update-time.date = 20160207
tmdd:cCTVInventoryMsg.cctv-inventory-item[2].device-inventory-header.last-update-time.time = string
tmdd:cCTVInventoryMsg.cctv-inventory-item[2].device-inventory-header.last-update-time.offset = 01:00
tmdd:cCTVInventoryMsg.cctv-inventory-item[2].cctv-requests-supported-list[*].cctv-requests-supported = lock for the camera
tmdd:cCTVInventoryMsg.cctv-inventory-item[2].cctv-image-list[*].cctv-image = atsc
tmdd:cCTVInventoryMsg.cctv-inventory-item[2].cctv-titling-text = string
tmdd:cCTVInventoryMsg.cctv-inventory-item[2].cctv-camera-type = bw
tmdd:cCTVInventoryMsg.cctv-inventory-item[2].cctv-camera-pan-left-limit = 5
tmdd:cCTVInventoryMsg.cctv-inventory-item[2].cctv-camera-pan-right-limit = 5
tmdd:cCTVInventoryMsg.cctv-inventory-item[2].cctv-camera-tilt-up-limit = 5
tmdd:cCTVInventoryMsg.cctv-inventory-item[2].cctv-camera-tilt-down-limit = 5
tmdd:cCTVInventoryMsg.cctv-inventory-item[2].cctv-camera-zoom-limit = 5
tmdd:cCTVInventoryMsg.cctv-inventory-item[2].cctv-camera-focus-limit = 5
tmdd:cCTVInventoryMsg.cctv-inventory-item[2].cctv-camera-iris-limit = 5
tmdd:cCTVInventoryMsg.cctv-inventory-item[2].cctv-camera-environmental = y
tmdd:cCTVInventoryMsg.cctv-inventory-item[3].device-inventory-header.restrictions.organization-information-forwarding-restrictions = law enforcement only
tmdd:cCTVInventoryMsg.cctv-inventory-item[3].device-inventory-header.organization-information.organization-id = string
tmdd:cCTVInventoryMsg.cctv-inventory-item[3].device-inventory-header.organization-information.organization-name = string
tmdd:cCTVInventoryMsg.cctv-inventory-item[3].device-inventory-header.organization-information.organization-location = stringstri
tmdd:cCTVInventoryMsg.cctv-inventory-item[3].device-inventory-header.organization-information.organization-function = string
tmdd:cCTVInventoryMsg.cctv-inventory-item[3].device-inventory-header.organization-information.organization-contact-details.contact-id = string
tmdd:cCTVInventoryMsg.cctv-inventory-item[3].device-inventory-header.organization-information.organization-contact-details.person-name = string
tmdd:cCTVInventoryMsg.cctv-inventory-item[3].device-inventory-header.organization-information.organization-contact-details.person-title = string
tmdd:cCTVInventoryMsg.cctv-inventory-item[3].device-inventory-header.organization-information.organization-contact-details.phone-number = string
tmdd:cCTVInventoryMsg.cctv-inventory-item[3].device-inventory-header.organization-information.organization-contact-details.phone-alternate = string
tmdd:cCTVInventoryMsg.cctv-inventory-item[3].device-inventory-header.organization-information.organization-contact-details.mobile-phone-number = string
tmdd:cCTVInventoryMsg.cctv-inventory-item[3].device-inventory-header.organization-information.organization-contact-details.mobile-phone-id = string
tmdd:cCTVInventoryMsg.cctv-inventory-item[3].device-inventory-header.organization-information.organization-contact-details.fax-number = string
tmdd:cCTVInventoryMsg.cctv-inventory-item[3].device-inventory-header.organization-information.organization-contact-details.pager-number = string
tmdd:cCTVInventoryMsg.cctv-inventory-item[3].device-inventory-header.organization-information.organization-contact-details.pager-id = string
tmdd:cCTVInventoryMsg.cctv-inventory-item[3].device-inventory-header.organization-information.organization-contact-details.email-address = string
tmdd:cCTVInventoryMsg.cctv-inventory-item[3].device-inventory-header.organization-information.organization-contact-details.radio-unit = string
tmdd:cCTVInventoryMsg.cctv-inventory-item[3].device-inventory-header.organization-information.organization-contact-details.address-line1 = string
tmdd:cCTVInventoryMsg.cctv-inventory-item[3].device-inventory-header.organization-information.organization-contact-details.address-line2 = string
tmdd:cCTVInventoryMsg.cctv-inventory-item[3].device-inventory-header.organization-information.organization-contact-details.city = string
tmdd:cCTVInventoryMsg.cctv-inventory-item[3].device-inventory-header.organization-information.organization-contact-details.state = DC
tmdd:cCTVInventoryMsg.cctv-inventory-item[3].device-inventory-header.organization-information.organization-contact-details.zip-code = string
tmdd:cCTVInventoryMsg.cctv-inventory-item[3].device-inventory-header.organization-information.organization-contact-details.country = string
tmdd:cCTVInventoryMsg.cctv-inventory-item[3].device-inventory-header.organization-information.center-contact-list[*].center-contact-details.center-id = string
tmdd:cCTVInventoryMsg.cctv-inventory-item[3].device-inventory-header.organization-information.center-contact-list[*].center-contact-details.center-name = string
tmdd:cCTVInventoryMsg.cctv-inventory-item[3].device-inventory-header.organization-information.center-contact-list[*].center-contact-details.center-location.latitude = 3
tmdd:cCTVInventoryMsg.cctv-inventory-item[3].device-inventory-header.organization-information.center-contact-list[*].center-contact-details.center-location.longitude = 3
tmdd:cCTVInventoryMsg.cctv-inventory-item[3].device-inventory-header.organization-information.center-contact-list[*].center-contact-details.center-location.horizontalDatum = wgs-84egm-96
tmdd:cCTVInventoryMsg.cctv-inventory-item[3].device-inventory-header.organization-information.center-contact-list[*].center-contact-details.center-location.height.verticalDatum = wgs-84
tmdd:cCTVInventoryMsg.cctv-inventory-item[3].device-inventory-header.organization-information.center-contact-list[*].center-contact-details.center-location.height.verticalLevel = 2
tmdd:cCTVInventoryMsg.cctv-inventory-item[3].device-inventory-header.organization-information.center-contact-list[*].center-contact-details.center-description = string
tmdd:cCTVInventoryMsg.cctv-inventory-item[3].device-inventory-header.organization-information.center-contact-list[*].center-contact-details.center-type = fixed
tmdd:cCTVInventoryMsg.cctv-inventory-item[3].device-inventory-header.organization-information.center-contact-list[*].center-contact-details.center-contact-details.contact-id = string
tmdd:cCTVInventoryMsg.cctv-inventory-item[3].device-inventory-header.organization-information.center-contact-list[*].center-contact-details.center-contact-details.person-name = string
tmdd:cCTVInventoryMsg.cctv-inventory-item[3].device-inventory-header.organization-information.center-contact-list[*].center-contact-details.center-contact-details.person-title = string
tmdd:cCTVInventoryMsg.cctv-inventory-item[3].device-inventory-header.organization-information.center-contact-list[*].center-contact-details.center-contact-details.phone-number = string
tmdd:cCTVInventoryMsg.cctv-inventory-item[3].device-inventory-header.organization-information.center-contact-list[*].center-contact-details.center-contact-details.phone-alternate = string
tmdd:cCTVInventoryMsg.cctv-inventory-item[3].device-inventory-header.organization-information.center-contact-list[*].center-contact-details.center-contact-details.mobile-phone-number = string
tmdd:cCTVInventoryMsg.cctv-inventory-item[3].device-inventory-header.organization-information.center-contact-list[*].center-contact-details.center-contact-details.mobile-phone-id = string
tmdd:cCTVInventoryMsg.cctv-inventory-item[3].device-inventory-header.organization-information.center-contact-list[*].center-contact-details.center-contact-details.fax-number = string
tmdd:cCTVInventoryMsg.cctv-inventory-item[3].device-inventory-header.organization-information.center-contact-list[*].center-contact-details.center-contact-details.pager-number = string
tmdd:cCTVInventoryMsg.cctv-inventory-item[3].device-inventory-header.organization-information.center-contact-list[*].center-contact-details.center-contact-details.pager-id = string
tmdd:cCTVInventoryMsg.cctv-inventory-item[3].device-inventory-header.organization-information.center-contact-list[*].center-contact-details.center-contact-details.email-address = string
tmdd:cCTVInventoryMsg.cctv-inventory-item[3].device-inventory-header.organization-information.center-contact-list[*].center-contact-details.center-contact-details.radio-unit = string
tmdd:cCTVInventoryMsg.cctv-inventory-item[3].device-inventory-header.organization-information.center-contact-list[*].center-contact-details.center-contact-details.address-line1 = string
tmdd:cCTVInventoryMsg.cctv-inventory-item[3].device-inventory-header.organization-information.center-contact-list[*].center-contact-details.center-contact-details.address-line2 = string
tmdd:cCTVInventoryMsg.cctv-inventory-item[3].device-inventory-header.organization-information.center-contact-list[*].center-contact-details.center-contact-details.city = string
tmdd:cCTVInventoryMsg.cctv-inventory-item[3].device-inventory-header.organization-information.center-contact-list[*].center-contact-details.center-contact-details.state = DC
tmdd:cCTVInventoryMsg.cctv-inventory-item[3].device-inventory-header.organization-information.center-contact-list[*].center-contact-details.center-contact-details.zip-code = string
tmdd:cCTVInventoryMsg.cctv-inventory-item[3].device-inventory-header.organization-information.center-contact-list[*].center-contact-details.center-contact-details.country = string
tmdd:cCTVInventoryMsg.cctv-inventory-item[3].device-inventory-header.organization-information.last-update-time.date = 20160207
tmdd:cCTVInventoryMsg.cctv-inventory-item[3].device-inventory-header.organization-information.last-update-time.time = string
tmdd:cCTVInventoryMsg.cctv-inventory-item[3].device-inventory-header.organization-information.last-update-time.offset = 01:00
tmdd:cCTVInventoryMsg.cctv-inventory-item[3].device-inventory-header.device-id = cctv-123456789123456789012345676
tmdd:cCTVInventoryMsg.cctv-inventory-item[3].device-inventory-header.device-location.latitude = 3
tmdd:cCTVInventoryMsg.cctv-inventory-item[3].device-inventory-header.device-location.longitude = 3
tmdd:cCTVInventoryMsg.cctv-inventory-item[3].device-inventory-header.device-location.horizontalDatum = wgs-84egm-96
tmdd:cCTVInventoryMsg.cctv-inventory-item[3].device-inventory-header.device-location.height.verticalDatum = wgs-84
tmdd:cCTVInventoryMsg.cctv-inventory-item[3].device-inventory-header.device-location.height.verticalLevel = 2
tmdd:cCTVInventoryMsg.cctv-inventory-item[3].device-inventory-header.device-name = string
tmdd:cCTVInventoryMsg.cctv-inventory-item[3].device-inventory-header.device-description = string
tmdd:cCTVInventoryMsg.cctv-inventory-item[3].device-inventory-header.device-control-type = status only
tmdd:cCTVInventoryMsg.cctv-inventory-item[3].device-inventory-header.controller-description = string
tmdd:cCTVInventoryMsg.cctv-inventory-item[3].device-inventory-header.network-id = string
tmdd:cCTVInventoryMsg.cctv-inventory-item[3].device-inventory-header.node-id = string
tmdd:cCTVInventoryMsg.cctv-inventory-item[3].device-inventory-header.node-name = string
tmdd:cCTVInventoryMsg.cctv-inventory-item[3].device-inventory-header.link-id = string
tmdd:cCTVInventoryMsg.cctv-inventory-item[3].device-inventory-header.link-name = string
tmdd:cCTVInventoryMsg.cctv-inventory-item[3].device-inventory-header.link-direction = se
tmdd:cCTVInventoryMsg.cctv-inventory-item[3].device-inventory-header.linear-reference = string
tmdd:cCTVInventoryMsg.cctv-inventory-item[3].device-inventory-header.linear-reference-version = 6
tmdd:cCTVInventoryMsg.cctv-inventory-item[3].device-inventory-header.route-designator = string
tmdd:cCTVInventoryMsg.cctv-inventory-item[3].device-inventory-header.device-url.url-reference = string
tmdd:cCTVInventoryMsg.cctv-inventory-item[3].device-inventory-header.device-url.url-reference-medium = string
tmdd:cCTVInventoryMsg.cctv-inventory-item[3].device-inventory-header.last-update-time.date = 20160207
tmdd:cCTVInventoryMsg.cctv-inventory-item[3].device-inventory-header.last-update-time.time = string
tmdd:cCTVInventoryMsg.cctv-inventory-item[3].device-inventory-header.last-update-time.offset = 01:00
tmdd:cCTVInventoryMsg.cctv-inventory-item[3].cctv-requests-supported-list[*].cctv-requests-supported = lock for the camera
tmdd:cCTVInventoryMsg.cctv-inventory-item[3].cctv-image-list[*].cctv-image = atsc
tmdd:cCTVInventoryMsg.cctv-inventory-item[3].cctv-titling-text = string
tmdd:cCTVInventoryMsg.cctv-inventory-item[3].cctv-camera-type = bw
tmdd:cCTVInventoryMsg.cctv-inventory-item[3].cctv-camera-pan-left-limit = 5
tmdd:cCTVInventoryMsg.cctv-inventory-item[3].cctv-camera-pan-right-limit = 5
tmdd:cCTVInventoryMsg.cctv-inventory-item[3].cctv-camera-tilt-up-limit = 5
tmdd:cCTVInventoryMsg.cctv-inventory-item[3].cctv-camera-tilt-down-limit = 5
tmdd:cCTVInventoryMsg.cctv-inventory-item[3].cctv-camera-zoom-limit = 5
tmdd:cCTVInventoryMsg.cctv-inventory-item[3].cctv-camera-focus-limit = 5
tmdd:cCTVInventoryMsg.cctv-inventory-item[3].cctv-camera-iris-limit = 5
tmdd:cCTVInventoryMsg.cctv-inventory-item[3].cctv-camera-environmental = y