tmdd:cCTVStatusMsg.cctv-status-item[2].device-status-header.restrictions.organization-information-forwarding-restrictions = law enforcement only
tmdd:cCTVStatusMsg.cctv-status-item[2].device-status-header.organization-information.organization-id = DCId2016
tmdd:cCTVStatusMsg.cctv-status-item[2].device-status-header.organization-information.organization-name = DC CCTV
tmdd:cCTVStatusMsg.cctv-status-item[2].device-status-header.organization-information.organization-location = Montgomery
tmdd:cCTVStatusMsg.cctv-status-item[2].device-status-header.organization-information.organization-function = DC Traffic Subsytems
tmdd:cCTVStatusMsg.cctv-status-item[2].device-status-header.organization-information.organization-contact-details.contact-id = DC10001
tmdd:cCTVStatusMsg.cctv-status-item[2].device-status-header.organization-information.organization-contact-details.person-name = Software Engineer Jon Doe
tmdd:cCTVStatusMsg.cctv-status-item[2].device-status-header.organization-information.organization-contact-details.person-title = Software Engineer
tmdd:cCTVStatusMsg.cctv-status-item[2].device-status-header.organization-information.organization-contact-details.phone-number = (202) 639 - 4747
tmdd:cCTVStatusMsg.cctv-status-item[2].device-status-header.organization-information.organization-contact-details.phone-alternate = (202) 727 - 9099
tmdd:cCTVStatusMsg.cctv-status-item[2].device-status-header.organization-information.organization-contact-details.mobile-phone-number = (703) 243 - 2332
tmdd:cCTVStatusMsg.cctv-status-item[2].device-status-header.organization-information.organization-contact-details.mobile-phone-id = (703) 243 - 2332
tmdd:cCTVStatusMsg.cctv-status-item[2].device-status-header.organization-information.organization-contact-details.fax-number = (202) 671 - 0650
tmdd:cCTVStatusMsg.cctv-status-item[2].device-status-header.organization-information.organization-contact-details.pager-number = (800) 387 - 0654
tmdd:cCTVStatusMsg.cctv-status-item[2].device-status-header.organization-information.organization-contact-details.pager-id = PagerId2016
tmdd:cCTVStatusMsg.cctv-status-item[2].device-status-header.organization-information.organization-contact-details.email-address = ddot@dc.gov
tmdd:cCTVStatusMsg.cctv-status-item[2].device-status-header.organization-information.organization-contact-details.radio-unit = Comba
tmdd:cCTVStatusMsg.cctv-status-item[2].device-status-header.organization-information.organization-contact-details.address-line1 = 145 Kennedy Street, DC 20011
tmdd:cCTVStatusMsg.cctv-status-item[2].device-status-header.organization-information.organization-contact-details.address-line2 = 2400 Sixth St NW, DC 20059
tmdd:cCTVStatusMsg.cctv-status-item[2].device-status-header.organization-information.organization-contact-details.city = D.C.
tmdd:cCTVStatusMsg.cctv-status-item[2].device-status-header.organization-information.organization-contact-details.state = MD
tmdd:cCTVStatusMsg.cctv-status-item[2].device-status-header.organization-information.organization-contact-details.zip-code = 20004
tmdd:cCTVStatusMsg.cctv-status-item[2].device-status-header.organization-information.organization-contact-details.country = United States Of America
tmdd:cCTVStatusMsg.cctv-status-item[2].device-status-header.organization-information.center-contact-list.center-contact-details.center-id = Owner center tester
tmdd:cCTVStatusMsg.cctv-status-item[2].device-status-header.organization-information.center-contact-list.center-contact-details.center-name = DOT Tmdd Organization Center Resource Name
tmdd:cCTVStatusMsg.cctv-status-item[2].device-status-header.organization-information.center-contact-list.center-contact-details.center-location.latitude = 3
tmdd:cCTVStatusMsg.cctv-status-item[2].device-status-header.organization-information.center-contact-list.center-contact-details.center-location.longitude = 3
tmdd:cCTVStatusMsg.cctv-status-item[2].device-status-header.organization-information.center-contact-list.center-contact-details.center-location.horizontalDatum = wgs-84egm-96
tmdd:cCTVStatusMsg.cctv-status-item[2].device-status-header.organization-information.center-contact-list.center-contact-details.center-location.height.verticalDatum = wgs-84
tmdd:cCTVStatusMsg.cctv-status-item[2].device-status-header.organization-information.center-contact-list.center-contact-details.center-location.height.verticalLevel = 2
tmdd:cCTVStatusMsg.cctv-status-item[2].device-status-header.organization-information.center-contact-list.center-contact-details.center-description = An owner center shall provide updates to an external center upon acceptance of a device.
tmdd:cCTVStatusMsg.cctv-status-item[2].device-status-header.organization-information.center-contact-list.center-contact-details.center-type = fixed
tmdd:cCTVStatusMsg.cctv-status-item[2].device-status-header.organization-information.center-contact-list.center-contact-details.center-contact-details.contact-id = DC10001
tmdd:cCTVStatusMsg.cctv-status-item[2].device-status-header.organization-information.center-contact-list.center-contact-details.center-contact-details.person-name = Software Engineer Jon Doe
tmdd:cCTVStatusMsg.cctv-status-item[2].device-status-header.organization-information.center-contact-list.center-contact-details.center-contact-details.person-title = Software Engineer
tmdd:cCTVStatusMsg.cctv-status-item[2].device-status-header.organization-information.center-contact-list.center-contact-details.center-contact-details.phone-number = (202) 639 - 4747
tmdd:cCTVStatusMsg.cctv-status-item[2].device-status-header.organization-information.center-contact-list.center-contact-details.center-contact-details.phone-alternate = (202) 727 - 9099
tmdd:cCTVStatusMsg.cctv-status-item[2].device-status-header.organization-information.center-contact-list.center-contact-details.center-contact-details.mobile-phone-number = (703) 243 - 2332
tmdd:cCTVStatusMsg.cctv-status-item[2].device-status-header.organization-information.center-contact-list.center-contact-details.center-contact-details.mobile-phone-id = (703) 243 - 2332
tmdd:cCTVStatusMsg.cctv-status-item[2].device-status-header.organization-information.center-contact-list.center-contact-details.center-contact-details.fax-number = (202) 671 - 0650
tmdd:cCTVStatusMsg.cctv-status-item[2].device-status-header.organization-information.center-contact-list.center-contact-details.center-contact-details.pager-number = (800) 387 - 0654
tmdd:cCTVStatusMsg.cctv-status-item[2].device-status-header.organization-information.center-contact-list.center-contact-details.center-contact-details.pager-id = PagerId2016
tmdd:cCTVStatusMsg.cctv-status-item[2].device-status-header.organization-information.center-contact-list.center-contact-details.center-contact-details.email-address = ddot@dc.gov
tmdd:cCTVStatusMsg.cctv-status-item[2].device-status-header.organization-information.center-contact-list.center-contact-details.center-contact-details.radio-unit = Comba
tmdd:cCTVStatusMsg.cctv-status-item[2].device-status-header.organization-information.center-contact-list.center-contact-details.center-contact-details.address-line1 = 145 Kennedy Street, DC 20011
tmdd:cCTVStatusMsg.cctv-status-item[2].device-status-header.organization-information.center-contact-list.center-contact-details.center-contact-details.address-line2 = 2400 Sixth St NW, DC 20059
tmdd:cCTVStatusMsg.cctv-status-item[2].device-status-header.organization-information.center-contact-list.center-contact-details.center-contact-details.city = D.C.
tmdd:cCTVStatusMsg.cctv-status-item[2].device-status-header.organization-information.center-contact-list.center-contact-details.center-contact-details.state = VA
tmdd:cCTVStatusMsg.cctv-status-item[2].device-status-header.organization-information.center-contact-list.center-contact-details.center-contact-details.zip-code = 20004
tmdd:cCTVStatusMsg.cctv-status-item[2].device-status-header.organization-information.center-contact-list.center-contact-details.center-contact-details.country = United States Of America
tmdd:cCTVStatusMsg.cctv-status-item[2].device-status-header.organization-information.last-update-time.date = 42411081
tmdd:cCTVStatusMsg.cctv-status-item[2].device-status-header.organization-information.last-update-time.time = 12:25:00
tmdd:cCTVStatusMsg.cctv-status-item[2].device-status-header.organization-information.last-update-time.offset = -1000
tmdd:cCTVStatusMsg.cctv-status-item[2].device-status-header.device-id = cctv-123456789123456789012345675
tmdd:cCTVStatusMsg.cctv-status-item[2].device-status-header.device-status = failed
tmdd:cCTVStatusMsg.cctv-status-item[2].device-status-header.center-id = Owner center tester
tmdd:cCTVStatusMsg.cctv-status-item[2].device-status-header.device-comm-status = offline
tmdd:cCTVStatusMsg.cctv-status-item[2].device-status-header.operator-id = DCOperatorId2016
tmdd:cCTVStatusMsg.cctv-status-item[2].device-status-header.event-id = PTScheduledId2016
tmdd:cCTVStatusMsg.cctv-status-item[2].device-status-header.response-plan-id = RPID2016
tmdd:cCTVStatusMsg.cctv-status-item[2].device-status-header.last-comm-time.date = 42411081
tmdd:cCTVStatusMsg.cctv-status-item[2].device-status-header.last-comm-time.time = 12:22:00
tmdd:cCTVStatusMsg.cctv-status-item[2].device-status-header.last-comm-time.offset = -1000
tmdd:cCTVStatusMsg.cctv-status-item[2].cctv-error = communications error
tmdd:cCTVStatusMsg.cctv-status-item[2].cctv-image-list.cctv-image = ntsc
tmdd:cCTVStatusMsg.cctv-status-item[2].cctv-position-preset = 6
tmdd:cCTVStatusMsg.cctv-status-item[2].cctv-position-pan = left
tmdd:cCTVStatusMsg.cctv-status-item[2].cctv-position-tilt = down
tmdd:cCTVStatusMsg.cctv-status-item[2].cctv-position-zoom-lens = zoom
tmdd:cCTVStatusMsg.cctv-status-item[2].cctv-position-iris-lens = iris
tmdd:cCTVStatusMsg.cctv-status-item[2].cctv-position-focus-lens = near
tmdd:cCTVStatusMsg.cctv-status-item[2].cctv-environmental-status = 0
tmdd:cCTVStatusMsg.cctv-status-item[3].device-status-header.restrictions.organization-information-forwarding-restrictions = law enforcement only
tmdd:cCTVStatusMsg.cctv-status-item[3].device-status-header.organization-information.organization-id = DCId2016
tmdd:cCTVStatusMsg.cctv-status-item[3].device-status-header.organization-information.organization-name = DC CCTV
tmdd:cCTVStatusMsg.cctv-status-item[3].device-status-header.organization-information.organization-location = Montgomery
tmdd:cCTVStatusMsg.cctv-status-item[3].device-status-header.organization-information.organization-function = DC Traffic Subsytems
tmdd:cCTVStatusMsg.cctv-status-item[3].device-status-header.organization-information.organization-contact-details.contact-id = DC10001
tmdd:cCTVStatusMsg.cctv-status-item[3].device-status-header.organization-information.organization-contact-details.person-name = Software Engineer Jon Doe
tmdd:cCTVStatusMsg.cctv-status-item[3].device-status-header.organization-information.organization-contact-details.person-title = Software Engineer
tmdd:cCTVStatusMsg.cctv-status-item[3].device-status-header.organization-information.organization-contact-details.phone-number = (202) 639 - 4747
tmdd:cCTVStatusMsg.cctv-status-item[3].device-status-header.organization-information.organization-contact-details.phone-alternate = (202) 727 - 9099
tmdd:cCTVStatusMsg.cctv-status-item[3].device-status-header.organization-information.organization-contact-details.mobile-phone-number = (703) 243 - 2332
tmdd:cCTVStatusMsg.cctv-status-item[3].device-status-header.organization-information.organization-contact-details.mobile-phone-id = (703) 243 - 2332
tmdd:cCTVStatusMsg.cctv-status-item[3].device-status-header.organization-information.organization-contact-details.fax-number = (202) 671 - 0650
tmdd:cCTVStatusMsg.cctv-status-item[3].device-status-header.organization-information.organization-contact-details.pager-number = (800) 387 - 0654
tmdd:cCTVStatusMsg.cctv-status-item[3].device-status-header.organization-information.organization-contact-details.pager-id = PagerId2016
tmdd:cCTVStatusMsg.cctv-status-item[3].device-status-header.organization-information.organization-contact-details.email-address = ddot@dc.gov
tmdd:cCTVStatusMsg.cctv-status-item[3].device-status-header.organization-information.organization-contact-details.radio-unit = Comba
tmdd:cCTVStatusMsg.cctv-status-item[3].device-status-header.organization-information.organization-contact-details.address-line1 = 145 Kennedy Street, DC 20011
tmdd:cCTVStatusMsg.cctv-status-item[3].device-status-header.organization-information.organization-contact-details.address-line2 = 2400 Sixth St NW, DC 20059
tmdd:cCTVStatusMsg.cctv-status-item[3].device-status-header.organization-information.organization-contact-details.city = D.C.
tmdd:cCTVStatusMsg.cctv-status-item[3].device-status-header.organization-information.organization-contact-details.state = MD
tmdd:cCTVStatusMsg.cctv-status-item[3].device-status-header.organization-information.organization-contact-details.zip-code = 20004
tmdd:cCTVStatusMsg.cctv-status-item[3].device-status-header.organization-information.organization-contact-details.country = United States Of America
tmdd:cCTVStatusMsg.cctv-status-item[3].device-status-header.organization-information.center-contact-list.center-contact-details.center-id = Owner center tester
tmdd:cCTVStatusMsg.cctv-status-item[3].device-status-header.organization-information.center-contact-list.center-contact-details.center-name = DOT Tmdd Organization Center Resource Name
tmdd:cCTVStatusMsg.cctv-status-item[3].device-status-header.organization-information.center-contact-list.center-contact-details.center-location.latitude = 3
tmdd:cCTVStatusMsg.cctv-status-item[3].device-status-header.organization-information.center-contact-list.center-contact-details.center-location.longitude = 3
tmdd:cCTVStatusMsg.cctv-status-item[3].device-status-header.organization-information.center-contact-list.center-contact-details.center-location.horizontalDatum = wgs-84egm-96
tmdd:cCTVStatusMsg.cctv-status-item[3].device-status-header.organization-information.center-contact-list.center-contact-details.center-location.height.verticalDatum = wgs-84
tmdd:cCTVStatusMsg.cctv-status-item[3].device-status-header.organization-information.center-contact-list.center-contact-details.center-location.height.verticalLevel = 2
tmdd:cCTVStatusMsg.cctv-status-item[3].device-status-header.organization-information.center-contact-list.center-contact-details.center-description = An owner center shall provide updates to an external center upon acceptance of a device.
tmdd:cCTVStatusMsg.cctv-status-item[3].device-status-header.organization-information.center-contact-list.center-contact-details.center-type = fixed
tmdd:cCTVStatusMsg.cctv-status-item[3].device-status-header.organization-information.center-contact-list.center-contact-details.center-contact-details.contact-id = DC10001
tmdd:cCTVStatusMsg.cctv-status-item[3].device-status-header.organization-information.center-contact-list.center-contact-details.center-contact-details.person-name = Software Engineer Jon Doe
tmdd:cCTVStatusMsg.cctv-status-item[3].device-status-header.organization-information.center-contact-list.center-contact-details.center-contact-details.person-title = Software Engineer
tmdd:cCTVStatusMsg.cctv-status-item[3].device-status-header.organization-information.center-contact-list.center-contact-details.center-contact-details.phone-number = (202) 639 - 4747
tmdd:cCTVStatusMsg.cctv-status-item[3].device-status-header.organization-information.center-contact-list.center-contact-details.center-contact-details.phone-alternate = (202) 727 - 9099
tmdd:cCTVStatusMsg.cctv-status-item[3].device-status-header.organization-information.center-contact-list.center-contact-details.center-contact-details.mobile-phone-number = (703) 243 - 2332
tmdd:cCTVStatusMsg.cctv-status-item[3].device-status-header.organization-information.center-contact-list.center-contact-details.center-contact-details.mobile-phone-id = (703) 243 - 2332
tmdd:cCTVStatusMsg.cctv-status-item[3].device-status-header.organization-information.center-contact-list.center-contact-details.center-contact-details.fax-number = (202) 671 - 0650
tmdd:cCTVStatusMsg.cctv-status-item[3].device-status-header.organization-information.center-contact-list.center-contact-details.center-contact-details.pager-number = (800) 387 - 0654
tmdd:cCTVStatusMsg.cctv-status-item[3].device-status-header.organization-information.center-contact-list.center-contact-details.center-contact-details.pager-id = PagerId2016
tmdd:cCTVStatusMsg.cctv-status-item[3].device-status-header.organization-information.center-contact-list.center-contact-details.center-contact-details.email-address = ddot@dc.gov
tmdd:cCTVStatusMsg.cctv-status-item[3].device-status-header.organization-information.center-contact-list.center-contact-details.center-contact-details.radio-unit = Comba
tmdd:cCTVStatusMsg.cctv-status-item[3].device-status-header.organization-information.center-contact-list.center-contact-details.center-contact-details.address-line1 = 145 Kennedy Street, DC 20011
tmdd:cCTVStatusMsg.cctv-status-item[3].device-status-header.organization-information.center-contact-list.center-contact-details.center-contact-details.address-line2 = 2400 Sixth St NW, DC 20059
tmdd:cCTVStatusMsg.cctv-status-item[3].device-status-header.organization-information.center-contact-list.center-contact-details.center-contact-details.city = D.C.
tmdd:cCTVStatusMsg.cctv-status-item[3].device-status-header.organization-information.center-contact-list.center-contact-details.center-contact-details.state = VA
tmdd:cCTVStatusMsg.cctv-status-item[3].device-status-header.organization-information.center-contact-list.center-contact-details.center-contact-details.zip-code = 20004
tmdd:cCTVStatusMsg.cctv-status-item[3].device-status-header.organization-information.center-contact-list.center-contact-details.center-contact-details.country = United States Of America
tmdd:cCTVStatusMsg.cctv-status-item[3].device-status-header.organization-information.last-update-time.date = 42411081
tmdd:cCTVStatusMsg.cctv-status-item[3].device-status-header.organization-information.last-update-time.time = 12:00:00
tmdd:cCTVStatusMsg.cctv-status-item[3].device-status-header.organization-information.last-update-time.offset = -1000
tmdd:cCTVStatusMsg.cctv-status-item[3].device-status-header.device-id = cctv-123456789123456789012345676
tmdd:cCTVStatusMsg.cctv-status-item[3].device-status-header.device-status = failed
tmdd:cCTVStatusMsg.cctv-status-item[3].device-status-header.center-id = Owner center tester
tmdd:cCTVStatusMsg.cctv-status-item[3].device-status-header.device-comm-status = offline
tmdd:cCTVStatusMsg.cctv-status-item[3].device-status-header.operator-id = DCOperatorId2016
tmdd:cCTVStatusMsg.cctv-status-item[3].device-status-header.event-id = PTScheduledId2016
tmdd:cCTVStatusMsg.cctv-status-item[3].device-status-header.response-plan-id = RPID2016
tmdd:cCTVStatusMsg.cctv-status-item[3].device-status-header.last-comm-time.date = 42411018
tmdd:cCTVStatusMsg.cctv-status-item[3].device-status-header.last-comm-time.time = 10:566:00
tmdd:cCTVStatusMsg.cctv-status-item[3].device-status-header.last-comm-time.offset = -1000
tmdd:cCTVStatusMsg.cctv-status-item[3].cctv-error = communications error
tmdd:cCTVStatusMsg.cctv-status-item[3].cctv-image-list.cctv-image = ntsc
tmdd:cCTVStatusMsg.cctv-status-item[3].cctv-position-preset = 6
tmdd:cCTVStatusMsg.cctv-status-item[3].cctv-position-pan = left
tmdd:cCTVStatusMsg.cctv-status-item[3].cctv-position-tilt = down
tmdd:cCTVStatusMsg.cctv-status-item[3].cctv-position-zoom-lens = zoom
tmdd:cCTVStatusMsg.cctv-status-item[3].cctv-position-iris-lens = iris
tmdd:cCTVStatusMsg.cctv-status-item[3].cctv-position-focus-lens = near
tmdd:cCTVStatusMsg.cctv-status-item[3].cctv-environmental-status = 0